Internal ctest changing into directory: D:/projects/2024-misis-fall/misis2024f-24-01-vigalok-v-v/build.check
Test project D:/projects/2024-misis-fall/misis2024f-24-01-vigalok-v-v/build.check
    Start 1: doctest_arrayd
Could not find executable D:/projects/2024-misis-fall/misis2024f-24-01-vigalok-v-v/bin.check/doctest_arrayd.exe
Looked in the following places:
D:/projects/2024-misis-fall/misis2024f-24-01-vigalok-v-v/bin.check/doctest_arrayd.exe
D:/projects/2024-misis-fall/misis2024f-24-01-vigalok-v-v/bin.check/doctest_arrayd.exe.exe
D:/projects/2024-misis-fall/misis2024f-24-01-vigalok-v-v/bin.check/Release/doctest_arrayd.exe
D:/projects/2024-misis-fall/misis2024f-24-01-vigalok-v-v/bin.check/Release/doctest_arrayd.exe.exe
Release/D:/projects/2024-misis-fall/misis2024f-24-01-vigalok-v-v/bin.check/doctest_arrayd.exe
Release/D:/projects/2024-misis-fall/misis2024f-24-01-vigalok-v-v/bin.check/doctest_arrayd.exe.exe
1/6 Test #1: doctest_arrayd ...................***Not Run   0.00 sec
    Start 2: doctest_arrayt
Could not find executable D:/projects/2024-misis-fall/misis2024f-24-01-vigalok-v-v/bin.check/doctest_arrayt.exe
Looked in the following places:
D:/projects/2024-misis-fall/misis2024f-24-01-vigalok-v-v/bin.check/doctest_arrayt.exe
D:/projects/2024-misis-fall/misis2024f-24-01-vigalok-v-v/bin.check/doctest_arrayt.exe.exe
D:/projects/2024-misis-fall/misis2024f-24-01-vigalok-v-v/bin.check/Release/doctest_arrayt.exe
D:/projects/2024-misis-fall/misis2024f-24-01-vigalok-v-v/bin.check/Release/doctest_arrayt.exe.exe
Release/D:/projects/2024-misis-fall/misis2024f-24-01-vigalok-v-v/bin.check/doctest_arrayt.exe
Release/D:/projects/2024-misis-fall/misis2024f-24-01-vigalok-v-v/bin.check/doctest_arrayt.exe.exe
2/6 Test #2: doctest_arrayt ...................***Not Run   0.00 sec
    Start 3: doctest_complex
Could not find executable D:/projects/2024-misis-fall/misis2024f-24-01-vigalok-v-v/bin.check/doctest_complex.exe
Looked in the following places:
D:/projects/2024-misis-fall/misis2024f-24-01-vigalok-v-v/bin.check/doctest_complex.exe
D:/projects/2024-misis-fall/misis2024f-24-01-vigalok-v-v/bin.check/doctest_complex.exe.exe
D:/projects/2024-misis-fall/misis2024f-24-01-vigalok-v-v/bin.check/Release/doctest_complex.exe
D:/projects/2024-misis-fall/misis2024f-24-01-vigalok-v-v/bin.check/Release/doctest_complex.exe.exe
Release/D:/projects/2024-misis-fall/misis2024f-24-01-vigalok-v-v/bin.check/doctest_complex.exe
Release/D:/projects/2024-misis-fall/misis2024f-24-01-vigalok-v-v/bin.check/doctest_complex.exe.exe
3/6 Test #3: doctest_complex ..................***Not Run   0.00 sec
    Start 4: doctest_complex_io
    Start 5: doctest_rational
Could not find executable D:/projects/2024-misis-fall/misis2024f-24-01-vigalok-v-v/bin.check/doctest_rational.exe
Looked in the following places:
D:/projects/2024-misis-fall/misis2024f-24-01-vigalok-v-v/bin.check/doctest_rational.exe
D:/projects/2024-misis-fall/misis2024f-24-01-vigalok-v-v/bin.check/doctest_rational.exe.exe
D:/projects/2024-misis-fall/misis2024f-24-01-vigalok-v-v/bin.check/Release/doctest_rational.exe
D:/projects/2024-misis-fall/misis2024f-24-01-vigalok-v-v/bin.check/Release/doctest_rational.exe.exe
Release/D:/projects/2024-misis-fall/misis2024f-24-01-vigalok-v-v/bin.check/doctest_rational.exe
Release/D:/projects/2024-misis-fall/misis2024f-24-01-vigalok-v-v/bin.check/doctest_rational.exe.exe
4/6 Test #5: doctest_rational .................***Not Run   0.00 sec
    Start 6: doctest_rational_io
5/6 Test #4: doctest_complex_io ...............   Passed    0.29 sec
6/6 Test #6: doctest_rational_io ..............***Failed    0.28 sec

17% tests passed, 5 tests failed out of 6

Total Test time (real) =   0.30 sec

The following tests FAILED:
	  1 - doctest_arrayd (Not Run)
	  2 - doctest_arrayt (Not Run)
	  3 - doctest_complex (Not Run)
	  5 - doctest_rational (Not Run)
	  6 - doctest_rational_io (Failed)
